  DogeLang.cpp
C:\src\vcpkg\installed\x86-windows\include\llvm\Support\SwapByteOrder.h(115,23): warning C4244: 'return': conversion from 'uint64_t' to 'unsigned long', possible loss of data
C:\src\vcpkg\installed\x86-windows\include\llvm\Support\SwapByteOrder.h(120,23): warning C4244: 'return': conversion from 'uint64_t' to 'long', possible loss of data
C:\src\vcpkg\installed\x86-windows\include\llvm\ADT\Hashing.h(569,24): warning C4244: 'argument': conversion from 'uint64_t' to 'size_t', possible loss of data
C:\src\vcpkg\installed\x86-windows\include\llvm\ADT\Hashing.h(581,26): warning C4244: 'argument': conversion from 'uint64_t' to 'size_t', possible loss of data
C:\src\vcpkg\installed\x86-windows\include\llvm\ADT\Hashing.h(620,23): warning C4244: 'argument': conversion from 'uint64_t' to 'size_t', possible loss of data
C:\src\vcpkg\installed\x86-windows\include\llvm\ADT\BitVector.h(427,16): warning C4244: '=': conversion from 'uint64_t' to 'unsigned int', possible loss of data
C:\src\vcpkg\installed\x86-windows\include\llvm\ADT\BitVector.h(466,16): warning C4244: '=': conversion from 'uint64_t' to 'unsigned int', possible loss of data
C:\src\vcpkg\installed\x86-windows\include\llvm\Support\type_traits.h(79,1): warning C4624: 'llvm::detail::copy_construction_triviality_helper<T>': destructor was implicitly defined as deleted
          with
          [
              T=std::string
          ]
C:\Program Files (x86)\Microsoft Visual Studio\2019\Community\VC\Tools\MSVC\14.28.29910\include\type_traits(631): message : see reference to class template instantiation 'llvm::detail::copy_construction_triviality_helper<T>' being compiled
          with
          [
              T=std::string
          ]
C:\src\vcpkg\installed\x86-windows\include\llvm\Support\type_traits.h(100): message : see reference to class template instantiation 'std::is_copy_constructible<llvm::detail::copy_construction_triviality_helper<T>>' being compiled
          with
          [
              T=std::string
          ]
C:\src\vcpkg\installed\x86-windows\include\llvm\ADT\SmallVector.h(211): message : see reference to class template instantiation 'llvm::is_trivially_copy_constructible<T>' being compiled
          with
          [
              T=std::string
          ]
C:\src\vcpkg\installed\x86-windows\include\llvm\ADT\SmallVector.h(883): message : see reference to class template instantiation 'llvm::SmallVectorImpl<T>' being compiled
          with
          [
              T=std::string
          ]
C:\src\vcpkg\installed\x86-windows\include\llvm\Support\Error.h(992): message : see reference to class template instantiation 'llvm::SmallVector<std::string,2>' being compiled
C:\src\vcpkg\installed\x86-windows\include\llvm\Support\type_traits.h(86,1): warning C4624: 'llvm::detail::move_construction_triviality_helper<T>': destructor was implicitly defined as deleted
          with
          [
              T=std::string
          ]
C:\Program Files (x86)\Microsoft Visual Studio\2019\Community\VC\Tools\MSVC\14.28.29910\include\type_traits(662): message : see reference to class template instantiation 'llvm::detail::move_construction_triviality_helper<T>' being compiled
          with
          [
              T=std::string
          ]
C:\src\vcpkg\installed\x86-windows\include\llvm\Support\type_traits.h(111): message : see reference to class template instantiation 'std::is_move_constructible<llvm::detail::move_construction_triviality_helper<T>>' being compiled
          with
          [
              T=std::string
          ]
C:\src\vcpkg\installed\x86-windows\include\llvm\ADT\SmallVector.h(212): message : see reference to class template instantiation 'llvm::is_trivially_move_constructible<T>' being compiled
          with
          [
              T=std::string
          ]
C:\src\vcpkg\installed\x86-windows\include\llvm\ADT\APInt.h(1831,20): warning C4244: 'return': conversion from 'uint64_t' to 'unsigned int', possible loss of data
C:\src\vcpkg\installed\x86-windows\include\llvm\Support\TypeSize.h(57,43): warning C4244: 'argument': conversion from 'uint64_t' to 'unsigned int', possible loss of data
C:\src\vcpkg\installed\x86-windows\include\llvm\IR\DerivedTypes.h(471,22): warning C4244: 'initializing': conversion from 'uint64_t' to 'unsigned int', possible loss of data
C:\src\vcpkg\installed\x86-windows\include\llvm\IR\DerivedTypes.h(502,24): warning C4244: 'initializing': conversion from 'uint64_t' to 'unsigned int', possible loss of data
C:\src\vcpkg\installed\x86-windows\include\llvm\IR\DerivedTypes.h(612,52): warning C4244: 'argument': conversion from 'uint64_t' to 'unsigned int', possible loss of data
C:\src\vcpkg\installed\x86-windows\include\llvm\Support\Alignment.h(201,17): warning C4244: 'return': conversion from 'uint64_t' to 'uintptr_t', possible loss of data
C:\src\vcpkg\installed\x86-windows\include\llvm\IR\DataLayout.h(589,39): warning C4244: 'return': conversion from 'uint64_t' to 'unsigned int', possible loss of data
C:\src\vcpkg\installed\x86-windows\include\llvm\IR\User.h(48,32): warning C4141: 'inline': used more than once
C:\src\vcpkg\installed\x86-windows\include\llvm\IR\GlobalObject.h(76,12): warning C4244: 'return': conversion from 'uint64_t' to 'unsigned int', possible loss of data
C:\src\vcpkg\installed\x86-windows\include\llvm\IR\Function.h(355,23): warning C4244: 'return': conversion from 'uint64_t' to 'unsigned int', possible loss of data
C:\src\vcpkg\installed\x86-windows\include\llvm\IR\Function.h(456,23): warning C4244: 'return': conversion from 'uint64_t' to 'unsigned int', possible loss of data
C:\src\vcpkg\installed\x86-windows\include\llvm\IR\InstrTypes.h(1598,23): warning C4244: 'return': conversion from 'uint64_t' to 'unsigned int', possible loss of data
C:\src\vcpkg\installed\x86-windows\include\llvm\IR\InstrTypes.h(1609,23): warning C4244: 'return': conversion from 'uint64_t' to 'unsigned int', possible loss of data
C:\src\vcpkg\installed\x86-windows\include\llvm\IR\Instructions.h(127,58): warning C4244: 'return': conversion from 'uint64_t' to 'unsigned int', possible loss of data
C:\src\vcpkg\installed\x86-windows\include\llvm\IR\Instructions.h(218,58): warning C4244: 'return': conversion from 'uint64_t' to 'unsigned int', possible loss of data
C:\src\vcpkg\installed\x86-windows\include\llvm\IR\Instructions.h(350,58): warning C4244: 'return': conversion from 'uint64_t' to 'unsigned int', possible loss of data
C:\src\vcpkg\installed\x86-windows\include\llvm\Support\type_traits.h(91,1): warning C4624: 'llvm::detail::trivial_helper<T>': destructor was implicitly defined as deleted
          with
          [
              T=llvm::SmallVector<unsigned int,8>
          ]
C:\src\vcpkg\installed\x86-windows\include\llvm\Support\type_traits.h(144): message : see reference to class template instantiation 'llvm::detail::trivial_helper<T>' being compiled
          with
          [
              T=llvm::SmallVector<unsigned int,8>
          ]
C:\src\vcpkg\installed\x86-windows\include\llvm\ADT\Optional.h(216): message : see reference to class template instantiation 'llvm::is_trivially_copyable<T>' being compiled
          with
          [
              T=llvm::SmallVector<unsigned int,8>
          ]
C:\src\vcpkg\installed\x86-windows\include\llvm\IR\Instructions.h(3451): message : see reference to class template instantiation 'llvm::Optional<llvm::SmallVector<unsigned int,8>>' being compiled
C:\src\vcpkg\installed\x86-windows\include\llvm\IR\IntrinsicInst.h(536,52): warning C4244: 'return': conversion from 'uint64_t' to 'uint32_t', possible loss of data
C:\src\vcpkg\installed\x86-windows\include\llvm\IR\Operator.h(116,1): warning C4624: 'llvm::OverflowingBinaryOperator': destructor was implicitly defined as deleted
C:\src\vcpkg\installed\x86-windows\include\llvm\IR\Operator.h(157,1): warning C4624: 'llvm::PossiblyExactOperator': destructor was implicitly defined as deleted
C:\src\vcpkg\installed\x86-windows\include\llvm\IR\Operator.h(408,1): warning C4624: 'llvm::FPMathOperator': destructor was implicitly defined as deleted
C:\src\vcpkg\installed\x86-windows\include\llvm\IR\Operator.h(424,1): warning C4624: 'llvm::ConcreteOperator<llvm::OverflowingBinaryOperator,13>': destructor was implicitly defined as deleted
C:\src\vcpkg\installed\x86-windows\include\llvm\IR\Operator.h(427): message : see reference to class template instantiation 'llvm::ConcreteOperator<llvm::OverflowingBinaryOperator,13>' being compiled
C:\src\vcpkg\installed\x86-windows\include\llvm\IR\Operator.h(428,1): warning C4624: 'llvm::AddOperator': destructor was implicitly defined as deleted
C:\src\vcpkg\installed\x86-windows\include\llvm\IR\Operator.h(424,1): warning C4624: 'llvm::ConcreteOperator<llvm::OverflowingBinaryOperator,15>': destructor was implicitly defined as deleted
C:\src\vcpkg\installed\x86-windows\include\llvm\IR\Operator.h(430): message : see reference to class template instantiation 'llvm::ConcreteOperator<llvm::OverflowingBinaryOperator,15>' being compiled
C:\src\vcpkg\installed\x86-windows\include\llvm\IR\Operator.h(431,1): warning C4624: 'llvm::SubOperator': destructor was implicitly defined as deleted
C:\src\vcpkg\installed\x86-windows\include\llvm\IR\Operator.h(424,1): warning C4624: 'llvm::ConcreteOperator<llvm::OverflowingBinaryOperator,17>': destructor was implicitly defined as deleted
C:\src\vcpkg\installed\x86-windows\include\llvm\IR\Operator.h(433): message : see reference to class template instantiation 'llvm::ConcreteOperator<llvm::OverflowingBinaryOperator,17>' being compiled
C:\src\vcpkg\installed\x86-windows\include\llvm\IR\Operator.h(434,1): warning C4624: 'llvm::MulOperator': destructor was implicitly defined as deleted
C:\src\vcpkg\installed\x86-windows\include\llvm\IR\Operator.h(424,1): warning C4624: 'llvm::ConcreteOperator<llvm::OverflowingBinaryOperator,25>': destructor was implicitly defined as deleted
C:\src\vcpkg\installed\x86-windows\include\llvm\IR\Operator.h(436): message : see reference to class template instantiation 'llvm::ConcreteOperator<llvm::OverflowingBinaryOperator,25>' being compiled
C:\src\vcpkg\installed\x86-windows\include\llvm\IR\Operator.h(437,1): warning C4624: 'llvm::ShlOperator': destructor was implicitly defined as deleted
C:\src\vcpkg\installed\x86-windows\include\llvm\IR\Operator.h(424,1): warning C4624: 'llvm::ConcreteOperator<llvm::PossiblyExactOperator,20>': destructor was implicitly defined as deleted
C:\src\vcpkg\installed\x86-windows\include\llvm\IR\Operator.h(440): message : see reference to class template instantiation 'llvm::ConcreteOperator<llvm::PossiblyExactOperator,20>' being compiled
C:\src\vcpkg\installed\x86-windows\include\llvm\IR\Operator.h(441,1): warning C4624: 'llvm::SDivOperator': destructor was implicitly defined as deleted
C:\src\vcpkg\installed\x86-windows\include\llvm\IR\Operator.h(424,1): warning C4624: 'llvm::ConcreteOperator<llvm::PossiblyExactOperator,19>': destructor was implicitly defined as deleted
C:\src\vcpkg\installed\x86-windows\include\llvm\IR\Operator.h(443): message : see reference to class template instantiation 'llvm::ConcreteOperator<llvm::PossiblyExactOperator,19>' being compiled
C:\src\vcpkg\installed\x86-windows\include\llvm\IR\Operator.h(444,1): warning C4624: 'llvm::UDivOperator': destructor was implicitly defined as deleted
C:\src\vcpkg\installed\x86-windows\include\llvm\IR\Operator.h(424,1): warning C4624: 'llvm::ConcreteOperator<llvm::PossiblyExactOperator,27>': destructor was implicitly defined as deleted
C:\src\vcpkg\installed\x86-windows\include\llvm\IR\Operator.h(446): message : see reference to class template instantiation 'llvm::ConcreteOperator<llvm::PossiblyExactOperator,27>' being compiled
C:\src\vcpkg\installed\x86-windows\include\llvm\IR\Operator.h(447,1): warning C4624: 'llvm::AShrOperator': destructor was implicitly defined as deleted
C:\src\vcpkg\installed\x86-windows\include\llvm\IR\Operator.h(424,1): warning C4624: 'llvm::ConcreteOperator<llvm::PossiblyExactOperator,26>': destructor was implicitly defined as deleted
C:\src\vcpkg\installed\x86-windows\include\llvm\IR\Operator.h(449): message : see reference to class template instantiation 'llvm::ConcreteOperator<llvm::PossiblyExactOperator,26>' being compiled
C:\src\vcpkg\installed\x86-windows\include\llvm\IR\Operator.h(450,1): warning C4624: 'llvm::LShrOperator': destructor was implicitly defined as deleted
C:\src\vcpkg\installed\x86-windows\include\llvm\IR\Operator.h(424,1): warning C4624: 'llvm::ConcreteOperator<llvm::Operator,39>': destructor was implicitly defined as deleted
C:\src\vcpkg\installed\x86-windows\include\llvm\IR\Operator.h(452): message : see reference to class template instantiation 'llvm::ConcreteOperator<llvm::Operator,39>' being compiled
C:\src\vcpkg\installed\x86-windows\include\llvm\IR\Operator.h(452,76): warning C4624: 'llvm::ZExtOperator': destructor was implicitly defined as deleted
C:\src\vcpkg\installed\x86-windows\include\llvm\IR\Operator.h(424,1): warning C4624: 'llvm::ConcreteOperator<llvm::Operator,34>': destructor was implicitly defined as deleted
C:\src\vcpkg\installed\x86-windows\include\llvm\IR\Operator.h(455): message : see reference to class template instantiation 'llvm::ConcreteOperator<llvm::Operator,34>' being compiled
C:\src\vcpkg\installed\x86-windows\include\llvm\IR\Operator.h(571,1): warning C4624: 'llvm::GEPOperator': destructor was implicitly defined as deleted
C:\src\vcpkg\installed\x86-windows\include\llvm\IR\Operator.h(424,1): warning C4624: 'llvm::ConcreteOperator<llvm::Operator,47>': destructor was implicitly defined as deleted
C:\src\vcpkg\installed\x86-windows\include\llvm\IR\Operator.h(574): message : see reference to class template instantiation 'llvm::ConcreteOperator<llvm::Operator,47>' being compiled
C:\src\vcpkg\installed\x86-windows\include\llvm\IR\Operator.h(599,1): warning C4624: 'llvm::PtrToIntOperator': destructor was implicitly defined as deleted
C:\src\vcpkg\installed\x86-windows\include\llvm\IR\Operator.h(424,1): warning C4624: 'llvm::ConcreteOperator<llvm::Operator,49>': destructor was implicitly defined as deleted
C:\src\vcpkg\installed\x86-windows\include\llvm\IR\Operator.h(602): message : see reference to class template instantiation 'llvm::ConcreteOperator<llvm::Operator,49>' being compiled
C:\src\vcpkg\installed\x86-windows\include\llvm\IR\Operator.h(614,1): warning C4624: 'llvm::BitCastOperator': destructor was implicitly defined as deleted
C:\src\vcpkg\installed\x86-windows\include\llvm\IR\Operator.h(424,1): warning C4624: 'llvm::ConcreteOperator<llvm::Operator,50>': destructor was implicitly defined as deleted
C:\src\vcpkg\installed\x86-windows\include\llvm\IR\Operator.h(617): message : see reference to class template instantiation 'llvm::ConcreteOperator<llvm::Operator,50>' being compiled
C:\src\vcpkg\installed\x86-windows\include\llvm\IR\Operator.h(633,1): warning C4624: 'llvm::AddrSpaceCastOperator': destructor was implicitly defined as deleted
C:\src\vcpkg\installed\x86-windows\include\llvm\Support\type_traits.h(79,1): warning C4624: 'llvm::detail::copy_construction_triviality_helper<T>': destructor was implicitly defined as deleted
          with
          [
              T=llvm::Any
          ]
C:\Program Files (x86)\Microsoft Visual Studio\2019\Community\VC\Tools\MSVC\14.28.29910\include\type_traits(631): message : see reference to class template instantiation 'llvm::detail::copy_construction_triviality_helper<T>' being compiled
          with
          [
              T=llvm::Any
          ]
C:\src\vcpkg\installed\x86-windows\include\llvm\Support\type_traits.h(100): message : see reference to class template instantiation 'std::is_copy_constructible<llvm::detail::copy_construction_triviality_helper<T>>' being compiled
          with
          [
              T=llvm::Any
          ]
C:\src\vcpkg\installed\x86-windows\include\llvm\ADT\FunctionExtras.h(94): message : see reference to class template instantiation 'llvm::is_trivially_copy_constructible<llvm::Any>' being compiled
C:\src\vcpkg\installed\x86-windows\include\llvm\ADT\FunctionExtras.h(94): message : see reference to alias template instantiation 'llvm::detail::UniqueFunctionBase<R,llvm::StringRef,llvm::Any>::AdjustedParamT<llvm::Any>' being compiled
          with
          [
              R=bool
          ]
C:\src\vcpkg\installed\x86-windows\include\llvm\ADT\FunctionExtras.h(337): message : see reference to class template instantiation 'llvm::detail::UniqueFunctionBase<R,llvm::StringRef,llvm::Any>' being compiled
          with
          [
              R=bool
          ]
C:\src\vcpkg\installed\x86-windows\include\llvm\Support\type_traits.h(75): message : see reference to class template instantiation 'llvm::unique_function<llvm::PassInstrumentationCallbacks::BeforePassFunc>' being compiled
C:\Program Files (x86)\Microsoft Visual Studio\2019\Community\VC\Tools\MSVC\14.28.29910\include\type_traits(631): message : see reference to class template instantiation 'llvm::detail::copy_construction_triviality_helper<T>' being compiled
          with
          [
              T=llvm::unique_function<llvm::PassInstrumentationCallbacks::BeforePassFunc>
          ]
C:\src\vcpkg\installed\x86-windows\include\llvm\Support\type_traits.h(100): message : see reference to class template instantiation 'std::is_copy_constructible<llvm::detail::copy_construction_triviality_helper<T>>' being compiled
          with
          [
              T=llvm::unique_function<llvm::PassInstrumentationCallbacks::BeforePassFunc>
          ]
C:\src\vcpkg\installed\x86-windows\include\llvm\ADT\SmallVector.h(211): message : see reference to class template instantiation 'llvm::is_trivially_copy_constructible<T>' being compiled
          with
          [
              T=llvm::unique_function<llvm::PassInstrumentationCallbacks::BeforePassFunc>
          ]
C:\src\vcpkg\installed\x86-windows\include\llvm\ADT\SmallVector.h(883): message : see reference to class template instantiation 'llvm::SmallVectorImpl<T>' being compiled
          with
          [
              T=llvm::unique_function<llvm::PassInstrumentationCallbacks::BeforePassFunc>
          ]
C:\src\vcpkg\installed\x86-windows\include\llvm\IR\PassInstrumentation.h(117): message : see reference to class template instantiation 'llvm::SmallVector<llvm::unique_function<llvm::PassInstrumentationCallbacks::BeforePassFunc>,4>' being compiled
C:\src\vcpkg\installed\x86-windows\include\llvm\Support\type_traits.h(86,1): warning C4624: 'llvm::detail::move_construction_triviality_helper<T>': destructor was implicitly defined as deleted
          with
          [
              T=llvm::Any
          ]
C:\Program Files (x86)\Microsoft Visual Studio\2019\Community\VC\Tools\MSVC\14.28.29910\include\type_traits(662): message : see reference to class template instantiation 'llvm::detail::move_construction_triviality_helper<T>' being compiled
          with
          [
              T=llvm::Any
          ]
C:\src\vcpkg\installed\x86-windows\include\llvm\Support\type_traits.h(111): message : see reference to class template instantiation 'std::is_move_constructible<llvm::detail::move_construction_triviality_helper<T>>' being compiled
          with
          [
              T=llvm::Any
          ]
C:\src\vcpkg\installed\x86-windows\include\llvm\ADT\FunctionExtras.h(94): message : see reference to class template instantiation 'llvm::is_trivially_move_constructible<llvm::Any>' being compiled
C:\src\vcpkg\installed\x86-windows\include\llvm\Support\type_traits.h(79,1): warning C4624: 'llvm::detail::copy_construction_triviality_helper<T>': destructor was implicitly defined as deleted
          with
          [
              T=llvm::unique_function<llvm::PassInstrumentationCallbacks::BeforePassFunc>
          ]
C:\src\vcpkg\installed\x86-windows\include\llvm\Support\type_traits.h(86,1): warning C4624: 'llvm::detail::move_construction_triviality_helper<T>': destructor was implicitly defined as deleted
          with
          [
              T=llvm::unique_function<llvm::PassInstrumentationCallbacks::BeforePassFunc>
          ]
C:\Program Files (x86)\Microsoft Visual Studio\2019\Community\VC\Tools\MSVC\14.28.29910\include\type_traits(662): message : see reference to class template instantiation 'llvm::detail::move_construction_triviality_helper<T>' being compiled
          with
          [
              T=llvm::unique_function<llvm::PassInstrumentationCallbacks::BeforePassFunc>
          ]
C:\src\vcpkg\installed\x86-windows\include\llvm\Support\type_traits.h(111): message : see reference to class template instantiation 'std::is_move_constructible<llvm::detail::move_construction_triviality_helper<T>>' being compiled
          with
          [
              T=llvm::unique_function<llvm::PassInstrumentationCallbacks::BeforePassFunc>
          ]
C:\src\vcpkg\installed\x86-windows\include\llvm\ADT\SmallVector.h(212): message : see reference to class template instantiation 'llvm::is_trivially_move_constructible<T>' being compiled
          with
          [
              T=llvm::unique_function<llvm::PassInstrumentationCallbacks::BeforePassFunc>
          ]
C:\src\vcpkg\installed\x86-windows\include\llvm\Support\type_traits.h(79,1): warning C4624: 'llvm::detail::copy_construction_triviality_helper<T>': destructor was implicitly defined as deleted
          with
          [
              T=llvm::unique_function<llvm::PassInstrumentationCallbacks::AfterPassFunc>
          ]
C:\Program Files (x86)\Microsoft Visual Studio\2019\Community\VC\Tools\MSVC\14.28.29910\include\type_traits(631): message : see reference to class template instantiation 'llvm::detail::copy_construction_triviality_helper<T>' being compiled
          with
          [
              T=llvm::unique_function<llvm::PassInstrumentationCallbacks::AfterPassFunc>
          ]
C:\src\vcpkg\installed\x86-windows\include\llvm\Support\type_traits.h(100): message : see reference to class template instantiation 'std::is_copy_constructible<llvm::detail::copy_construction_triviality_helper<T>>' being compiled
          with
          [
              T=llvm::unique_function<llvm::PassInstrumentationCallbacks::AfterPassFunc>
          ]
C:\src\vcpkg\installed\x86-windows\include\llvm\ADT\SmallVector.h(211): message : see reference to class template instantiation 'llvm::is_trivially_copy_constructible<T>' being compiled
          with
          [
              T=llvm::unique_function<llvm::PassInstrumentationCallbacks::AfterPassFunc>
          ]
C:\src\vcpkg\installed\x86-windows\include\llvm\ADT\SmallVector.h(883): message : see reference to class template instantiation 'llvm::SmallVectorImpl<T>' being compiled
          with
          [
              T=llvm::unique_function<llvm::PassInstrumentationCallbacks::AfterPassFunc>
          ]
C:\src\vcpkg\installed\x86-windows\include\llvm\IR\PassInstrumentation.h(118): message : see reference to class template instantiation 'llvm::SmallVector<llvm::unique_function<llvm::PassInstrumentationCallbacks::AfterPassFunc>,4>' being compiled
C:\src\vcpkg\installed\x86-windows\include\llvm\Support\type_traits.h(86,1): warning C4624: 'llvm::detail::move_construction_triviality_helper<T>': destructor was implicitly defined as deleted
          with
          [
              T=llvm::unique_function<llvm::PassInstrumentationCallbacks::AfterPassFunc>
          ]
C:\Program Files (x86)\Microsoft Visual Studio\2019\Community\VC\Tools\MSVC\14.28.29910\include\type_traits(662): message : see reference to class template instantiation 'llvm::detail::move_construction_triviality_helper<T>' being compiled
          with
          [
              T=llvm::unique_function<llvm::PassInstrumentationCallbacks::AfterPassFunc>
          ]
C:\src\vcpkg\installed\x86-windows\include\llvm\Support\type_traits.h(111): message : see reference to class template instantiation 'std::is_move_constructible<llvm::detail::move_construction_triviality_helper<T>>' being compiled
          with
          [
              T=llvm::unique_function<llvm::PassInstrumentationCallbacks::AfterPassFunc>
          ]
C:\src\vcpkg\installed\x86-windows\include\llvm\ADT\SmallVector.h(212): message : see reference to class template instantiation 'llvm::is_trivially_move_constructible<T>' being compiled
          with
          [
              T=llvm::unique_function<llvm::PassInstrumentationCallbacks::AfterPassFunc>
          ]
C:\src\vcpkg\installed\x86-windows\include\llvm\Support\type_traits.h(79,1): warning C4624: 'llvm::detail::copy_construction_triviality_helper<T>': destructor was implicitly defined as deleted
          with
          [
              T=llvm::unique_function<llvm::PassInstrumentationCallbacks::AfterPassInvalidatedFunc>
          ]
C:\Program Files (x86)\Microsoft Visual Studio\2019\Community\VC\Tools\MSVC\14.28.29910\include\type_traits(631): message : see reference to class template instantiation 'llvm::detail::copy_construction_triviality_helper<T>' being compiled
          with
          [
              T=llvm::unique_function<llvm::PassInstrumentationCallbacks::AfterPassInvalidatedFunc>
          ]
C:\src\vcpkg\installed\x86-windows\include\llvm\Support\type_traits.h(100): message : see reference to class template instantiation 'std::is_copy_constructible<llvm::detail::copy_construction_triviality_helper<T>>' being compiled
          with
          [
              T=llvm::unique_function<llvm::PassInstrumentationCallbacks::AfterPassInvalidatedFunc>
          ]
C:\src\vcpkg\installed\x86-windows\include\llvm\ADT\SmallVector.h(211): message : see reference to class template instantiation 'llvm::is_trivially_copy_constructible<T>' being compiled
          with
          [
              T=llvm::unique_function<llvm::PassInstrumentationCallbacks::AfterPassInvalidatedFunc>
          ]
C:\src\vcpkg\installed\x86-windows\include\llvm\ADT\SmallVector.h(883): message : see reference to class template instantiation 'llvm::SmallVectorImpl<T>' being compiled
          with
          [
              T=llvm::unique_function<llvm::PassInstrumentationCallbacks::AfterPassInvalidatedFunc>
          ]
C:\src\vcpkg\installed\x86-windows\include\llvm\IR\PassInstrumentation.h(120): message : see reference to class template instantiation 'llvm::SmallVector<llvm::unique_function<llvm::PassInstrumentationCallbacks::AfterPassInvalidatedFunc>,4>' being compiled
C:\src\vcpkg\installed\x86-windows\include\llvm\Support\type_traits.h(86,1): warning C4624: 'llvm::detail::move_construction_triviality_helper<T>': destructor was implicitly defined as deleted
          with
          [
              T=llvm::unique_function<llvm::PassInstrumentationCallbacks::AfterPassInvalidatedFunc>
          ]
C:\Program Files (x86)\Microsoft Visual Studio\2019\Community\VC\Tools\MSVC\14.28.29910\include\type_traits(662): message : see reference to class template instantiation 'llvm::detail::move_construction_triviality_helper<T>' being compiled
          with
          [
              T=llvm::unique_function<llvm::PassInstrumentationCallbacks::AfterPassInvalidatedFunc>
          ]
C:\src\vcpkg\installed\x86-windows\include\llvm\Support\type_traits.h(111): message : see reference to class template instantiation 'std::is_move_constructible<llvm::detail::move_construction_triviality_helper<T>>' being compiled
          with
          [
              T=llvm::unique_function<llvm::PassInstrumentationCallbacks::AfterPassInvalidatedFunc>
          ]
C:\src\vcpkg\installed\x86-windows\include\llvm\ADT\SmallVector.h(212): message : see reference to class template instantiation 'llvm::is_trivially_move_constructible<T>' being compiled
          with
          [
              T=llvm::unique_function<llvm::PassInstrumentationCallbacks::AfterPassInvalidatedFunc>
          ]
C:\Users\vagab\source\repos\DogeLang\DogeLang\Parsers.h(185,11): warning C4244: '=': conversion from 'double' to 'int', possible loss of data
C:\src\vcpkg\installed\x86-windows\include\llvm\ADT\DenseMap.h(392,24): warning C4244: 'return': conversion from 'uint64_t' to 'unsigned int', possible loss of data
C:\src\vcpkg\installed\x86-windows\include\llvm\ADT\DenseMap.h(386): message : while compiling class template member function 'unsigned int llvm::DenseMapBase<llvm::DenseMap<const llvm::MDNode *,bool,llvm::DenseMapInfo<KeyT>,llvm::detail::DenseMapPair<KeyT,ValueT>>,KeyT,ValueT,KeyInfoT,BucketT>::getMinBucketToReserveForEntries(unsigned int)'
          with
          [
              KeyT=const llvm::MDNode *,
              ValueT=bool,
              KeyInfoT=llvm::DenseMapInfo<const llvm::MDNode *>,
              BucketT=llvm::detail::DenseMapPair<const llvm::MDNode *,bool>
          ]
C:\src\vcpkg\installed\x86-windows\include\llvm\ADT\DenseMap.h(793): message : see reference to function template instantiation 'unsigned int llvm::DenseMapBase<llvm::DenseMap<const llvm::MDNode *,bool,llvm::DenseMapInfo<KeyT>,llvm::detail::DenseMapPair<KeyT,ValueT>>,KeyT,ValueT,KeyInfoT,BucketT>::getMinBucketToReserveForEntries(unsigned int)' being compiled
          with
          [
              KeyT=const llvm::MDNode *,
              ValueT=bool,
              KeyInfoT=llvm::DenseMapInfo<const llvm::MDNode *>,
              BucketT=llvm::detail::DenseMapPair<const llvm::MDNode *,bool>
          ]
C:\src\vcpkg\installed\x86-windows\include\llvm\ADT\DenseMap.h(715): message : see reference to class template instantiation 'llvm::DenseMapBase<llvm::DenseMap<const llvm::MDNode *,bool,llvm::DenseMapInfo<KeyT>,llvm::detail::DenseMapPair<KeyT,ValueT>>,KeyT,ValueT,KeyInfoT,BucketT>' being compiled
          with
          [
              KeyT=const llvm::MDNode *,
              ValueT=bool,
              KeyInfoT=llvm::DenseMapInfo<const llvm::MDNode *>,
              BucketT=llvm::detail::DenseMapPair<const llvm::MDNode *,bool>
          ]
C:\src\vcpkg\installed\x86-windows\include\llvm\IR\Verifier.h(58): message : see reference to class template instantiation 'llvm::DenseMap<const llvm::MDNode *,bool,llvm::DenseMapInfo<KeyT>,llvm::detail::DenseMapPair<KeyT,ValueT>>' being compiled
          with
          [
              KeyT=const llvm::MDNode *,
              ValueT=bool
          ]
C:\src\vcpkg\installed\x86-windows\include\llvm\ADT\StringRef.h(530,16): warning C4244: '=': conversion from 'unsigned __int64' to 'T', possible loss of data
          with
          [
              T=size_t
          ]
C:\src\vcpkg\installed\x86-windows\include\llvm\Support\FormatProviders.h(67): message : see reference to function template instantiation 'bool llvm::StringRef::getAsInteger<size_t>(unsigned int,T &) const' being compiled
          with
          [
              T=size_t
          ]
C:\src\vcpkg\installed\x86-windows\include\llvm\ADT\StringRef.h(561,16): warning C4244: '=': conversion from 'unsigned __int64' to 'T', possible loss of data
          with
          [
              T=size_t
          ]
C:\src\vcpkg\installed\x86-windows\include\llvm\Support\FormatProviders.h(94): message : see reference to function template instantiation 'bool llvm::StringRef::consumeInteger<size_t>(unsigned int,T &)' being compiled
          with
          [
              T=size_t
          ]
C:\src\vcpkg\installed\x86-windows\include\llvm\ADT\Bitfields.h(180,22): warning C4244: 'argument': conversion from 'const StorageType' to 'T', possible loss of data
          with
          [
              StorageType=unsigned short
          ]
          and
          [
              T=unsigned char
          ]
C:\src\vcpkg\installed\x86-windows\include\llvm\ADT\Bitfields.h(178): message : while compiling class template member function 'unsigned char llvm::bitfields_details::Impl<Bitfield,StorageType>::extract(StorageType)'
          with
          [
              Bitfield=llvm::AtomicCmpXchgInst::WeakField,
              StorageType=unsigned short
          ]
C:\src\vcpkg\installed\x86-windows\include\llvm\ADT\Bitfields.h(256): message : see reference to function template instantiation 'unsigned char llvm::bitfields_details::Impl<Bitfield,StorageType>::extract(StorageType)' being compiled
          with
          [
              Bitfield=llvm::AtomicCmpXchgInst::WeakField,
              StorageType=unsigned short
          ]
C:\src\vcpkg\installed\x86-windows\include\llvm\ADT\Bitfields.h(256): message : see reference to class template instantiation 'llvm::bitfields_details::Impl<Bitfield,StorageType>' being compiled
          with
          [
              Bitfield=llvm::AtomicCmpXchgInst::WeakField,
              StorageType=unsigned short
          ]
C:\src\vcpkg\installed\x86-windows\include\llvm\IR\Instruction.h(804): message : see reference to function template instantiation 'bool llvm::Bitfield::get<BitfieldElement,unsigned short>(StorageType)' being compiled
          with
          [
              BitfieldElement=llvm::AtomicCmpXchgInst::WeakField,
              StorageType=unsigned short
          ]
C:\src\vcpkg\installed\x86-windows\include\llvm\IR\Instructions.h(585): message : see reference to function template instantiation 'bool llvm::Instruction::getSubclassData<llvm::AtomicCmpXchgInst::WeakField>(void) const' being compiled
C:\src\vcpkg\installed\x86-windows\include\llvm\ADT\Hashing.h(451,22): warning C4244: 'argument': conversion from 'uint64_t' to 'size_t', possible loss of data
C:\src\vcpkg\installed\x86-windows\include\llvm\ADT\Hashing.h(478): message : see reference to function template instantiation 'llvm::hash_code llvm::hashing::detail::hash_combine_range_impl<const T>(ValueT *,ValueT *)' being compiled
          with
          [
              T=llvm::BitVector::BitWord,
              ValueT=llvm::BitVector::BitWord
          ]
C:\src\vcpkg\installed\x86-windows\include\llvm\ADT\ArrayRef.h(553): message : see reference to function template instantiation 'llvm::hash_code llvm::hash_combine_range<const unsigned int*>(InputIteratorT,InputIteratorT)' being compiled
          with
          [
              InputIteratorT=const unsigned int *
          ]
C:\src\vcpkg\installed\x86-windows\include\llvm\ADT\DenseMapInfo.h(331): message : see reference to function template instantiation 'llvm::hash_code llvm::hash_value<T>(llvm::ArrayRef<T>)' being compiled
          with
          [
              T=llvm::BitVector::BitWord
          ]
C:\src\vcpkg\installed\x86-windows\include\llvm\ADT\DenseMapInfo.h(327): message : while compiling class template member function 'unsigned int llvm::DenseMapInfo<U>::getHashValue(llvm::ArrayRef<T>)'
          with
          [
              U=llvm::ArrayRef<llvm::BitVector::BitWord>,
              T=llvm::BitVector::BitWord
          ]
C:\src\vcpkg\installed\x86-windows\include\llvm\ADT\DenseMapInfo.h(227): message : see reference to function template instantiation 'unsigned int llvm::DenseMapInfo<U>::getHashValue(llvm::ArrayRef<T>)' being compiled
          with
          [
              U=llvm::ArrayRef<llvm::BitVector::BitWord>,
              T=llvm::BitVector::BitWord
          ]
C:\src\vcpkg\installed\x86-windows\include\llvm\ADT\DenseMapInfo.h(228): message : see reference to class template instantiation 'llvm::DenseMapInfo<U>' being compiled
          with
          [
              U=llvm::ArrayRef<llvm::BitVector::BitWord>
          ]
C:\src\vcpkg\installed\x86-windows\include\llvm\ADT\DenseMapInfo.h(226): message : while compiling class template member function 'unsigned int llvm::DenseMapInfo<std::pair<unsigned int,llvm::ArrayRef<T>>>::getHashValue(const std::pair<unsigned int,llvm::ArrayRef<T>> &)'
          with
          [
              T=llvm::BitVector::BitWord
          ]
C:\src\vcpkg\installed\x86-windows\include\llvm\ADT\BitVector.h(948): message : see reference to function template instantiation 'unsigned int llvm::DenseMapInfo<std::pair<unsigned int,llvm::ArrayRef<T>>>::getHashValue(const std::pair<unsigned int,llvm::ArrayRef<T>> &)' being compiled
          with
          [
              T=llvm::BitVector::BitWord
          ]
C:\src\vcpkg\installed\x86-windows\include\llvm\ADT\BitVector.h(948): message : see reference to class template instantiation 'llvm::DenseMapInfo<std::pair<unsigned int,llvm::ArrayRef<T>>>' being compiled
          with
          [
              T=llvm::BitVector::BitWord
          ]
C:\src\vcpkg\installed\x86-windows\include\llvm\ADT\Hashing.h(463,24): warning C4244: 'argument': conversion from 'uint64_t' to 'size_t', possible loss of data
  DogeLang.vcxproj -> C:\Users\vagab\source\repos\DogeLang\Debug\DogeLang.exe
